2017/01/23 09:41:59 INFO  - jmeter.util.JMeterUtils: Setting Locale to en_US 
2017/01/23 09:41:59 INFO  - jmeter.protocol.http.sampler.HTTPSamplerBase: Parser for text/html is org.apache.jmeter.protocol.http.parser.LagartoBasedHtmlParser 
2017/01/23 09:41:59 INFO  - jmeter.protocol.http.sampler.HTTPSamplerBase: Parser for application/xhtml+xml is org.apache.jmeter.protocol.http.parser.LagartoBasedHtmlParser 
2017/01/23 09:41:59 INFO  - jmeter.protocol.http.sampler.HTTPSamplerBase: Parser for application/xml is org.apache.jmeter.protocol.http.parser.LagartoBasedHtmlParser 
2017/01/23 09:41:59 INFO  - jmeter.protocol.http.sampler.HTTPSamplerBase: Parser for text/xml is org.apache.jmeter.protocol.http.parser.LagartoBasedHtmlParser 
2017/01/23 09:41:59 INFO  - jmeter.protocol.http.sampler.HTTPSamplerBase: Parser for text/vnd.wap.wml is org.apache.jmeter.protocol.http.parser.RegexpHTMLParser 
2017/01/23 09:41:59 INFO  - jmeter.protocol.http.sampler.HTTPSamplerBase: Parser for text/css is org.apache.jmeter.protocol.http.parser.CssParser 
2017/01/23 09:41:59 INFO  - jmeter.protocol.http.sampler.HTTPJavaImpl: Maximum connection retries = 0 
2017/01/23 09:41:59 INFO  - jmeter.engine.StandardJMeterEngine: Running the test! 
2017/01/23 09:41:59 INFO  - jmeter.samplers.SampleEvent: List of sample_variables: [] 
2017/01/23 09:41:59 INFO  - jmeter.samplers.SampleEvent: List of sample_variables: [] 
2017/01/23 09:41:59 INFO  - jmeter.engine.util.CompoundVariable: Note: Function class names must contain the string: '.functions.' 
2017/01/23 09:41:59 INFO  - jmeter.engine.util.CompoundVariable: Note: Function class names must not contain the string: '.gui.' 
2017/01/23 09:41:59 WARN  - jmeter.engine.util.CompoundVariable: Did not find any functions 
2017/01/23 09:41:59 INFO  - jmeter.engine.StandardJMeterEngine: Starting ThreadGroup: 1 :  
2017/01/23 09:41:59 INFO  - jmeter.engine.StandardJMeterEngine: Starting 100 threads for group . 
2017/01/23 09:41:59 INFO  - jmeter.engine.StandardJMeterEngine: Thread will continue on error 
2017/01/23 09:41:59 INFO  - jmeter.threads.ThreadGroup: Starting thread group number 1 threads 100 ramp-up 30 perThread 300.0 delayedStart=false 
2017/01/23 09:41:59 INFO  - jmeter.threads.JMeterThread: Thread started:  1-1 
2017/01/23 09:41:59 INFO  - jmeter.threads.JMeterThread: Thread is done:  1-1 
2017/01/23 09:41:59 INFO  - jmeter.threads.JMeterThread: Thread finished:  1-1 
2017/01/23 09:41:59 INFO  - jmeter.threads.ThreadGroup: Started thread group number 1 
2017/01/23 09:41:59 INFO  - jmeter.engine.StandardJMeterEngine: All thread groups have been started 
2017/01/23 09:42:00 INFO  - jmeter.threads.JMeterThread: Thread started:  1-2 
2017/01/23 09:42:00 INFO  - jmeter.threads.JMeterThread: Thread is done:  1-2 
2017/01/23 09:42:00 INFO  - jmeter.threads.JMeterThread: Thread finished:  1-2 
2017/01/23 09:42:00 INFO  - jmeter.threads.JMeterThread: Thread started:  1-3 
2017/01/23 09:42:00 INFO  - jmeter.threads.JMeterThread: Thread is done:  1-3 
2017/01/23 09:42:00 INFO  - jmeter.threads.JMeterThread: Thread finished:  1-3 
2017/01/23 09:42:00 INFO  - jmeter.threads.JMeterThread: Thread started:  1-4 
2017/01/23 09:42:00 INFO  - jmeter.threads.JMeterThread: Thread is done:  1-4 
2017/01/23 09:42:00 INFO  - jmeter.threads.JMeterThread: Thread finished:  1-4 
2017/01/23 09:42:00 INFO  - jmeter.threads.JMeterThread: Thread started:  1-5 
2017/01/23 09:42:00 INFO  - jmeter.threads.JMeterThread: Thread is done:  1-5 
2017/01/23 09:42:00 INFO  - jmeter.threads.JMeterThread: Thread finished:  1-5 
2017/01/23 09:42:01 INFO  - jmeter.threads.JMeterThread: Thread started:  1-6 
2017/01/23 09:42:01 INFO  - jmeter.threads.JMeterThread: Thread is done:  1-6 
2017/01/23 09:42:01 INFO  - jmeter.threads.JMeterThread: Thread finished:  1-6 
2017/01/23 09:42:01 INFO  - jmeter.threads.JMeterThread: Thread started:  1-7 
2017/01/23 09:42:01 INFO  - jmeter.threads.JMeterThread: Thread is done:  1-7 
2017/01/23 09:42:01 INFO  - jmeter.threads.JMeterThread: Thread finished:  1-7 
2017/01/23 09:42:01 INFO  - jmeter.threads.JMeterThread: Thread started:  1-8 
2017/01/23 09:42:01 INFO  - jmeter.threads.JMeterThread: Thread is done:  1-8 
2017/01/23 09:42:01 INFO  - jmeter.threads.JMeterThread: Thread finished:  1-8 
2017/01/23 09:42:02 INFO  - jmeter.threads.JMeterThread: Thread started:  1-9 
2017/01/23 09:42:02 INFO  - jmeter.threads.JMeterThread: Thread is done:  1-9 
2017/01/23 09:42:02 INFO  - jmeter.threads.JMeterThread: Thread finished:  1-9 
2017/01/23 09:42:02 INFO  - jmeter.threads.JMeterThread: Thread started:  1-10 
2017/01/23 09:42:02 INFO  - jmeter.threads.JMeterThread: Thread is done:  1-10 
2017/01/23 09:42:02 INFO  - jmeter.threads.JMeterThread: Thread finished:  1-10 
2017/01/23 09:42:02 INFO  - jmeter.threads.JMeterThread: Thread started:  1-11 
2017/01/23 09:42:02 INFO  - jmeter.threads.JMeterThread: Thread is done:  1-11 
2017/01/23 09:42:02 INFO  - jmeter.threads.JMeterThread: Thread finished:  1-11 
2017/01/23 09:42:03 INFO  - jmeter.threads.JMeterThread: Thread started:  1-12 
2017/01/23 09:42:03 INFO  - jmeter.threads.JMeterThread: Thread is done:  1-12 
2017/01/23 09:42:03 INFO  - jmeter.threads.JMeterThread: Thread finished:  1-12 
2017/01/23 09:42:03 INFO  - jmeter.threads.JMeterThread: Thread started:  1-13 
2017/01/23 09:42:03 INFO  - jmeter.threads.JMeterThread: Thread is done:  1-13 
2017/01/23 09:42:03 INFO  - jmeter.threads.JMeterThread: Thread finished:  1-13 
2017/01/23 09:42:03 INFO  - jmeter.threads.JMeterThread: Thread started:  1-14 
2017/01/23 09:42:03 INFO  - jmeter.threads.JMeterThread: Thread is done:  1-14 
2017/01/23 09:42:03 INFO  - jmeter.threads.JMeterThread: Thread finished:  1-14 
2017/01/23 09:42:03 INFO  - jmeter.threads.JMeterThread: Thread started:  1-15 
2017/01/23 09:42:03 INFO  - jmeter.threads.JMeterThread: Thread is done:  1-15 
2017/01/23 09:42:03 INFO  - jmeter.threads.JMeterThread: Thread finished:  1-15 
2017/01/23 09:42:04 INFO  - jmeter.threads.JMeterThread: Thread started:  1-16 
2017/01/23 09:42:04 INFO  - jmeter.threads.JMeterThread: Thread is done:  1-16 
2017/01/23 09:42:04 INFO  - jmeter.threads.JMeterThread: Thread finished:  1-16 
2017/01/23 09:42:04 INFO  - jmeter.threads.JMeterThread: Thread started:  1-17 
2017/01/23 09:42:04 INFO  - jmeter.threads.JMeterThread: Thread is done:  1-17 
2017/01/23 09:42:04 INFO  - jmeter.threads.JMeterThread: Thread finished:  1-17 
2017/01/23 09:42:04 INFO  - jmeter.threads.JMeterThread: Thread started:  1-18 
2017/01/23 09:42:04 INFO  - jmeter.threads.JMeterThread: Thread is done:  1-18 
2017/01/23 09:42:04 INFO  - jmeter.threads.JMeterThread: Thread finished:  1-18 
2017/01/23 09:42:05 INFO  - jmeter.threads.JMeterThread: Thread started:  1-19 
2017/01/23 09:42:05 INFO  - jmeter.threads.JMeterThread: Thread is done:  1-19 
2017/01/23 09:42:05 INFO  - jmeter.threads.JMeterThread: Thread finished:  1-19 
2017/01/23 09:42:05 INFO  - jmeter.threads.JMeterThread: Thread started:  1-20 
2017/01/23 09:42:05 INFO  - jmeter.threads.JMeterThread: Thread is done:  1-20 
2017/01/23 09:42:05 INFO  - jmeter.threads.JMeterThread: Thread finished:  1-20 
2017/01/23 09:42:05 INFO  - jmeter.threads.JMeterThread: Thread started:  1-21 
2017/01/23 09:42:05 INFO  - jmeter.threads.JMeterThread: Thread is done:  1-21 
2017/01/23 09:42:05 INFO  - jmeter.threads.JMeterThread: Thread finished:  1-21 
2017/01/23 09:42:06 INFO  - jmeter.threads.JMeterThread: Thread started:  1-22 
2017/01/23 09:42:06 INFO  - jmeter.threads.JMeterThread: Thread is done:  1-22 
2017/01/23 09:42:06 INFO  - jmeter.threads.JMeterThread: Thread finished:  1-22 
2017/01/23 09:42:06 INFO  - jmeter.threads.JMeterThread: Thread started:  1-23 
2017/01/23 09:42:06 INFO  - jmeter.threads.JMeterThread: Thread is done:  1-23 
2017/01/23 09:42:06 INFO  - jmeter.threads.JMeterThread: Thread finished:  1-23 
2017/01/23 09:42:06 INFO  - jmeter.threads.JMeterThread: Thread started:  1-24 
2017/01/23 09:42:06 INFO  - jmeter.threads.JMeterThread: Thread is done:  1-24 
2017/01/23 09:42:06 INFO  - jmeter.threads.JMeterThread: Thread finished:  1-24 
2017/01/23 09:42:06 INFO  - jmeter.threads.JMeterThread: Thread started:  1-25 
2017/01/23 09:42:06 INFO  - jmeter.threads.JMeterThread: Thread is done:  1-25 
2017/01/23 09:42:06 INFO  - jmeter.threads.JMeterThread: Thread finished:  1-25 
2017/01/23 09:42:07 INFO  - jmeter.threads.JMeterThread: Thread started:  1-26 
2017/01/23 09:42:07 INFO  - jmeter.threads.JMeterThread: Thread is done:  1-26 
2017/01/23 09:42:07 INFO  - jmeter.threads.JMeterThread: Thread finished:  1-26 
2017/01/23 09:42:07 INFO  - jmeter.threads.JMeterThread: Thread started:  1-27 
2017/01/23 09:42:07 INFO  - jmeter.threads.JMeterThread: Thread is done:  1-27 
2017/01/23 09:42:07 INFO  - jmeter.threads.JMeterThread: Thread finished:  1-27 
2017/01/23 09:42:07 INFO  - jmeter.threads.JMeterThread: Thread started:  1-28 
2017/01/23 09:42:07 INFO  - jmeter.threads.JMeterThread: Thread is done:  1-28 
2017/01/23 09:42:07 INFO  - jmeter.threads.JMeterThread: Thread finished:  1-28 
2017/01/23 09:42:08 INFO  - jmeter.threads.JMeterThread: Thread started:  1-29 
2017/01/23 09:42:08 INFO  - jmeter.threads.JMeterThread: Thread is done:  1-29 
2017/01/23 09:42:08 INFO  - jmeter.threads.JMeterThread: Thread finished:  1-29 
2017/01/23 09:42:08 INFO  - jmeter.threads.JMeterThread: Thread started:  1-30 
2017/01/23 09:42:08 INFO  - jmeter.threads.JMeterThread: Thread is done:  1-30 
2017/01/23 09:42:08 INFO  - jmeter.threads.JMeterThread: Thread finished:  1-30 
2017/01/23 09:42:08 INFO  - jmeter.threads.JMeterThread: Thread started:  1-31 
2017/01/23 09:42:08 INFO  - jmeter.threads.JMeterThread: Thread is done:  1-31 
2017/01/23 09:42:08 INFO  - jmeter.threads.JMeterThread: Thread finished:  1-31 
2017/01/23 09:42:09 INFO  - jmeter.threads.JMeterThread: Thread started:  1-32 
2017/01/23 09:42:09 INFO  - jmeter.threads.JMeterThread: Thread is done:  1-32 
2017/01/23 09:42:09 INFO  - jmeter.threads.JMeterThread: Thread finished:  1-32 
2017/01/23 09:42:09 INFO  - jmeter.threads.JMeterThread: Thread started:  1-33 
2017/01/23 09:42:09 INFO  - jmeter.threads.JMeterThread: Thread is done:  1-33 
2017/01/23 09:42:09 INFO  - jmeter.threads.JMeterThread: Thread finished:  1-33 
2017/01/23 09:42:09 INFO  - jmeter.threads.JMeterThread: Thread started:  1-34 
2017/01/23 09:42:09 INFO  - jmeter.threads.JMeterThread: Thread is done:  1-34 
2017/01/23 09:42:09 INFO  - jmeter.threads.JMeterThread: Thread finished:  1-34 
2017/01/23 09:42:09 INFO  - jmeter.threads.JMeterThread: Thread started:  1-35 
2017/01/23 09:42:09 INFO  - jmeter.threads.JMeterThread: Thread is done:  1-35 
2017/01/23 09:42:09 INFO  - jmeter.threads.JMeterThread: Thread finished:  1-35 
2017/01/23 09:42:10 INFO  - jmeter.threads.JMeterThread: Thread started:  1-36 
2017/01/23 09:42:10 INFO  - jmeter.threads.JMeterThread: Thread is done:  1-36 
2017/01/23 09:42:10 INFO  - jmeter.threads.JMeterThread: Thread finished:  1-36 
2017/01/23 09:42:10 INFO  - jmeter.threads.JMeterThread: Thread started:  1-37 
2017/01/23 09:42:10 INFO  - jmeter.threads.JMeterThread: Thread is done:  1-37 
2017/01/23 09:42:10 INFO  - jmeter.threads.JMeterThread: Thread finished:  1-37 
2017/01/23 09:42:10 INFO  - jmeter.threads.JMeterThread: Thread started:  1-38 
2017/01/23 09:42:10 INFO  - jmeter.threads.JMeterThread: Thread is done:  1-38 
2017/01/23 09:42:10 INFO  - jmeter.threads.JMeterThread: Thread finished:  1-38 
2017/01/23 09:42:11 INFO  - jmeter.threads.JMeterThread: Thread started:  1-39 
2017/01/23 09:42:11 INFO  - jmeter.threads.JMeterThread: Thread is done:  1-39 
2017/01/23 09:42:11 INFO  - jmeter.threads.JMeterThread: Thread finished:  1-39 
2017/01/23 09:42:11 INFO  - jmeter.threads.JMeterThread: Thread started:  1-40 
2017/01/23 09:42:11 INFO  - jmeter.threads.JMeterThread: Thread is done:  1-40 
2017/01/23 09:42:11 INFO  - jmeter.threads.JMeterThread: Thread finished:  1-40 
2017/01/23 09:42:11 INFO  - jmeter.threads.JMeterThread: Thread started:  1-41 
2017/01/23 09:42:11 INFO  - jmeter.threads.JMeterThread: Thread is done:  1-41 
2017/01/23 09:42:11 INFO  - jmeter.threads.JMeterThread: Thread finished:  1-41 
2017/01/23 09:42:12 INFO  - jmeter.threads.JMeterThread: Thread started:  1-42 
2017/01/23 09:42:12 INFO  - jmeter.threads.JMeterThread: Thread is done:  1-42 
2017/01/23 09:42:12 INFO  - jmeter.threads.JMeterThread: Thread finished:  1-42 
2017/01/23 09:42:12 INFO  - jmeter.threads.JMeterThread: Thread started:  1-43 
2017/01/23 09:42:12 INFO  - jmeter.threads.JMeterThread: Thread is done:  1-43 
2017/01/23 09:42:12 INFO  - jmeter.threads.JMeterThread: Thread finished:  1-43 
2017/01/23 09:42:12 INFO  - jmeter.threads.JMeterThread: Thread started:  1-44 
2017/01/23 09:42:12 INFO  - jmeter.threads.JMeterThread: Thread is done:  1-44 
2017/01/23 09:42:12 INFO  - jmeter.threads.JMeterThread: Thread finished:  1-44 
2017/01/23 09:42:12 INFO  - jmeter.threads.JMeterThread: Thread started:  1-45 
2017/01/23 09:42:12 INFO  - jmeter.threads.JMeterThread: Thread is done:  1-45 
2017/01/23 09:42:12 INFO  - jmeter.threads.JMeterThread: Thread finished:  1-45 
2017/01/23 09:42:13 INFO  - jmeter.threads.JMeterThread: Thread started:  1-46 
2017/01/23 09:42:13 INFO  - jmeter.threads.JMeterThread: Thread is done:  1-46 
2017/01/23 09:42:13 INFO  - jmeter.threads.JMeterThread: Thread finished:  1-46 
2017/01/23 09:42:13 INFO  - jmeter.threads.JMeterThread: Thread started:  1-47 
2017/01/23 09:42:13 INFO  - jmeter.threads.JMeterThread: Thread is done:  1-47 
2017/01/23 09:42:13 INFO  - jmeter.threads.JMeterThread: Thread finished:  1-47 
2017/01/23 09:42:13 INFO  - jmeter.threads.JMeterThread: Thread started:  1-48 
2017/01/23 09:42:13 INFO  - jmeter.threads.JMeterThread: Thread is done:  1-48 
2017/01/23 09:42:13 INFO  - jmeter.threads.JMeterThread: Thread finished:  1-48 
2017/01/23 09:42:14 INFO  - jmeter.threads.JMeterThread: Thread started:  1-49 
2017/01/23 09:42:14 INFO  - jmeter.threads.JMeterThread: Thread is done:  1-49 
2017/01/23 09:42:14 INFO  - jmeter.threads.JMeterThread: Thread finished:  1-49 
2017/01/23 09:42:14 INFO  - jmeter.threads.JMeterThread: Thread started:  1-50 
2017/01/23 09:42:14 INFO  - jmeter.threads.JMeterThread: Thread is done:  1-50 
2017/01/23 09:42:14 INFO  - jmeter.threads.JMeterThread: Thread finished:  1-50 
2017/01/23 09:42:14 INFO  - jmeter.threads.JMeterThread: Thread started:  1-51 
2017/01/23 09:42:14 INFO  - jmeter.threads.JMeterThread: Thread is done:  1-51 
2017/01/23 09:42:14 INFO  - jmeter.threads.JMeterThread: Thread finished:  1-51 
2017/01/23 09:42:15 INFO  - jmeter.threads.JMeterThread: Thread started:  1-52 
2017/01/23 09:42:15 INFO  - jmeter.threads.JMeterThread: Thread is done:  1-52 
2017/01/23 09:42:15 INFO  - jmeter.threads.JMeterThread: Thread finished:  1-52 
2017/01/23 09:42:15 INFO  - jmeter.threads.JMeterThread: Thread started:  1-53 
2017/01/23 09:42:15 INFO  - jmeter.threads.JMeterThread: Thread is done:  1-53 
2017/01/23 09:42:15 INFO  - jmeter.threads.JMeterThread: Thread finished:  1-53 
2017/01/23 09:42:15 INFO  - jmeter.threads.JMeterThread: Thread started:  1-54 
2017/01/23 09:42:15 INFO  - jmeter.threads.JMeterThread: Thread is done:  1-54 
2017/01/23 09:42:15 INFO  - jmeter.threads.JMeterThread: Thread finished:  1-54 
2017/01/23 09:42:15 INFO  - jmeter.threads.JMeterThread: Thread started:  1-55 
2017/01/23 09:42:15 INFO  - jmeter.threads.JMeterThread: Thread is done:  1-55 
2017/01/23 09:42:15 INFO  - jmeter.threads.JMeterThread: Thread finished:  1-55 
2017/01/23 09:42:16 INFO  - jmeter.threads.JMeterThread: Thread started:  1-56 
2017/01/23 09:42:16 INFO  - jmeter.threads.JMeterThread: Thread is done:  1-56 
2017/01/23 09:42:16 INFO  - jmeter.threads.JMeterThread: Thread finished:  1-56 
2017/01/23 09:42:16 INFO  - jmeter.threads.JMeterThread: Thread started:  1-57 
2017/01/23 09:42:16 INFO  - jmeter.threads.JMeterThread: Thread is done:  1-57 
2017/01/23 09:42:16 INFO  - jmeter.threads.JMeterThread: Thread finished:  1-57 
2017/01/23 09:42:16 INFO  - jmeter.threads.JMeterThread: Thread started:  1-58 
2017/01/23 09:42:16 INFO  - jmeter.threads.JMeterThread: Thread is done:  1-58 
2017/01/23 09:42:16 INFO  - jmeter.threads.JMeterThread: Thread finished:  1-58 
2017/01/23 09:42:17 INFO  - jmeter.threads.JMeterThread: Thread started:  1-59 
2017/01/23 09:42:17 INFO  - jmeter.threads.JMeterThread: Thread is done:  1-59 
2017/01/23 09:42:17 INFO  - jmeter.threads.JMeterThread: Thread finished:  1-59 
2017/01/23 09:42:17 INFO  - jmeter.threads.JMeterThread: Thread started:  1-60 
2017/01/23 09:42:17 INFO  - jmeter.threads.JMeterThread: Thread is done:  1-60 
2017/01/23 09:42:17 INFO  - jmeter.threads.JMeterThread: Thread finished:  1-60 
2017/01/23 09:42:17 INFO  - jmeter.threads.JMeterThread: Thread started:  1-61 
2017/01/23 09:42:17 INFO  - jmeter.threads.JMeterThread: Thread is done:  1-61 
2017/01/23 09:42:17 INFO  - jmeter.threads.JMeterThread: Thread finished:  1-61 
2017/01/23 09:42:18 INFO  - jmeter.threads.JMeterThread: Thread started:  1-62 
2017/01/23 09:42:18 INFO  - jmeter.threads.JMeterThread: Thread is done:  1-62 
2017/01/23 09:42:18 INFO  - jmeter.threads.JMeterThread: Thread finished:  1-62 
2017/01/23 09:42:18 INFO  - jmeter.threads.JMeterThread: Thread started:  1-63 
2017/01/23 09:42:18 INFO  - jmeter.threads.JMeterThread: Thread is done:  1-63 
2017/01/23 09:42:18 INFO  - jmeter.threads.JMeterThread: Thread finished:  1-63 
2017/01/23 09:42:18 INFO  - jmeter.threads.JMeterThread: Thread started:  1-64 
2017/01/23 09:42:18 INFO  - jmeter.threads.JMeterThread: Thread is done:  1-64 
2017/01/23 09:42:18 INFO  - jmeter.threads.JMeterThread: Thread finished:  1-64 
2017/01/23 09:42:18 INFO  - jmeter.threads.JMeterThread: Thread started:  1-65 
2017/01/23 09:42:18 INFO  - jmeter.threads.JMeterThread: Thread is done:  1-65 
2017/01/23 09:42:18 INFO  - jmeter.threads.JMeterThread: Thread finished:  1-65 
2017/01/23 09:42:19 INFO  - jmeter.threads.JMeterThread: Thread started:  1-66 
2017/01/23 09:42:19 INFO  - jmeter.threads.JMeterThread: Thread is done:  1-66 
2017/01/23 09:42:19 INFO  - jmeter.threads.JMeterThread: Thread finished:  1-66 
2017/01/23 09:42:19 INFO  - jmeter.threads.JMeterThread: Thread started:  1-67 
2017/01/23 09:42:19 INFO  - jmeter.threads.JMeterThread: Thread is done:  1-67 
2017/01/23 09:42:19 INFO  - jmeter.threads.JMeterThread: Thread finished:  1-67 
2017/01/23 09:42:19 INFO  - jmeter.threads.JMeterThread: Thread started:  1-68 
2017/01/23 09:42:19 INFO  - jmeter.threads.JMeterThread: Thread is done:  1-68 
2017/01/23 09:42:19 INFO  - jmeter.threads.JMeterThread: Thread finished:  1-68 
2017/01/23 09:42:20 INFO  - jmeter.threads.JMeterThread: Thread started:  1-69 
2017/01/23 09:42:20 INFO  - jmeter.threads.JMeterThread: Thread is done:  1-69 
2017/01/23 09:42:20 INFO  - jmeter.threads.JMeterThread: Thread finished:  1-69 
2017/01/23 09:42:20 INFO  - jmeter.threads.JMeterThread: Thread started:  1-70 
2017/01/23 09:42:20 INFO  - jmeter.threads.JMeterThread: Thread is done:  1-70 
2017/01/23 09:42:20 INFO  - jmeter.threads.JMeterThread: Thread finished:  1-70 
2017/01/23 09:42:20 INFO  - jmeter.threads.JMeterThread: Thread started:  1-71 
2017/01/23 09:42:20 INFO  - jmeter.threads.JMeterThread: Thread is done:  1-71 
2017/01/23 09:42:20 INFO  - jmeter.threads.JMeterThread: Thread finished:  1-71 
2017/01/23 09:42:21 INFO  - jmeter.threads.JMeterThread: Thread started:  1-72 
2017/01/23 09:42:21 INFO  - jmeter.threads.JMeterThread: Thread is done:  1-72 
2017/01/23 09:42:21 INFO  - jmeter.threads.JMeterThread: Thread finished:  1-72 
2017/01/23 09:42:21 INFO  - jmeter.threads.JMeterThread: Thread started:  1-73 
2017/01/23 09:42:21 INFO  - jmeter.threads.JMeterThread: Thread is done:  1-73 
2017/01/23 09:42:21 INFO  - jmeter.threads.JMeterThread: Thread finished:  1-73 
2017/01/23 09:42:21 INFO  - jmeter.threads.JMeterThread: Thread started:  1-74 
2017/01/23 09:42:21 INFO  - jmeter.threads.JMeterThread: Thread is done:  1-74 
2017/01/23 09:42:21 INFO  - jmeter.threads.JMeterThread: Thread finished:  1-74 
2017/01/23 09:42:21 INFO  - jmeter.threads.JMeterThread: Thread started:  1-75 
2017/01/23 09:42:21 INFO  - jmeter.threads.JMeterThread: Thread is done:  1-75 
2017/01/23 09:42:21 INFO  - jmeter.threads.JMeterThread: Thread finished:  1-75 
2017/01/23 09:42:22 INFO  - jmeter.threads.JMeterThread: Thread started:  1-76 
2017/01/23 09:42:22 INFO  - jmeter.threads.JMeterThread: Thread is done:  1-76 
2017/01/23 09:42:22 INFO  - jmeter.threads.JMeterThread: Thread finished:  1-76 
2017/01/23 09:42:22 INFO  - jmeter.threads.JMeterThread: Thread started:  1-77 
2017/01/23 09:42:22 INFO  - jmeter.threads.JMeterThread: Thread is done:  1-77 
2017/01/23 09:42:22 INFO  - jmeter.threads.JMeterThread: Thread finished:  1-77 
2017/01/23 09:42:22 INFO  - jmeter.threads.JMeterThread: Thread started:  1-78 
2017/01/23 09:42:22 INFO  - jmeter.threads.JMeterThread: Thread is done:  1-78 
2017/01/23 09:42:22 INFO  - jmeter.threads.JMeterThread: Thread finished:  1-78 
2017/01/23 09:42:23 INFO  - jmeter.threads.JMeterThread: Thread started:  1-79 
2017/01/23 09:42:23 INFO  - jmeter.threads.JMeterThread: Thread is done:  1-79 
2017/01/23 09:42:23 INFO  - jmeter.threads.JMeterThread: Thread finished:  1-79 
2017/01/23 09:42:23 INFO  - jmeter.threads.JMeterThread: Thread started:  1-80 
2017/01/23 09:42:23 INFO  - jmeter.threads.JMeterThread: Thread is done:  1-80 
2017/01/23 09:42:23 INFO  - jmeter.threads.JMeterThread: Thread finished:  1-80 
2017/01/23 09:42:23 INFO  - jmeter.threads.JMeterThread: Thread started:  1-81 
2017/01/23 09:42:23 INFO  - jmeter.threads.JMeterThread: Thread is done:  1-81 
2017/01/23 09:42:23 INFO  - jmeter.threads.JMeterThread: Thread finished:  1-81 
2017/01/23 09:42:24 INFO  - jmeter.threads.JMeterThread: Thread started:  1-82 
2017/01/23 09:42:24 INFO  - jmeter.threads.JMeterThread: Thread is done:  1-82 
2017/01/23 09:42:24 INFO  - jmeter.threads.JMeterThread: Thread finished:  1-82 
2017/01/23 09:42:24 INFO  - jmeter.threads.JMeterThread: Thread started:  1-83 
2017/01/23 09:42:24 INFO  - jmeter.threads.JMeterThread: Thread is done:  1-83 
2017/01/23 09:42:24 INFO  - jmeter.threads.JMeterThread: Thread finished:  1-83 
2017/01/23 09:42:24 INFO  - jmeter.threads.JMeterThread: Thread started:  1-84 
2017/01/23 09:42:24 INFO  - jmeter.threads.JMeterThread: Thread is done:  1-84 
2017/01/23 09:42:24 INFO  - jmeter.threads.JMeterThread: Thread finished:  1-84 
2017/01/23 09:42:24 INFO  - jmeter.threads.JMeterThread: Thread started:  1-85 
2017/01/23 09:42:24 INFO  - jmeter.threads.JMeterThread: Thread is done:  1-85 
2017/01/23 09:42:24 INFO  - jmeter.threads.JMeterThread: Thread finished:  1-85 
2017/01/23 09:42:25 INFO  - jmeter.threads.JMeterThread: Thread started:  1-86 
2017/01/23 09:42:25 INFO  - jmeter.threads.JMeterThread: Thread is done:  1-86 
2017/01/23 09:42:25 INFO  - jmeter.threads.JMeterThread: Thread finished:  1-86 
2017/01/23 09:42:25 INFO  - jmeter.threads.JMeterThread: Thread started:  1-87 
2017/01/23 09:42:25 INFO  - jmeter.threads.JMeterThread: Thread is done:  1-87 
2017/01/23 09:42:25 INFO  - jmeter.threads.JMeterThread: Thread finished:  1-87 
2017/01/23 09:42:25 INFO  - jmeter.threads.JMeterThread: Thread started:  1-88 
2017/01/23 09:42:25 INFO  - jmeter.threads.JMeterThread: Thread is done:  1-88 
2017/01/23 09:42:25 INFO  - jmeter.threads.JMeterThread: Thread finished:  1-88 
2017/01/23 09:42:26 INFO  - jmeter.threads.JMeterThread: Thread started:  1-89 
2017/01/23 09:42:26 INFO  - jmeter.threads.JMeterThread: Thread is done:  1-89 
2017/01/23 09:42:26 INFO  - jmeter.threads.JMeterThread: Thread finished:  1-89 
2017/01/23 09:42:26 INFO  - jmeter.threads.JMeterThread: Thread started:  1-90 
2017/01/23 09:42:26 INFO  - jmeter.threads.JMeterThread: Thread is done:  1-90 
2017/01/23 09:42:26 INFO  - jmeter.threads.JMeterThread: Thread finished:  1-90 
2017/01/23 09:42:26 INFO  - jmeter.threads.JMeterThread: Thread started:  1-91 
2017/01/23 09:42:26 INFO  - jmeter.threads.JMeterThread: Thread is done:  1-91 
2017/01/23 09:42:26 INFO  - jmeter.threads.JMeterThread: Thread finished:  1-91 
2017/01/23 09:42:27 INFO  - jmeter.threads.JMeterThread: Thread started:  1-92 
2017/01/23 09:42:27 INFO  - jmeter.threads.JMeterThread: Thread is done:  1-92 
2017/01/23 09:42:27 INFO  - jmeter.threads.JMeterThread: Thread finished:  1-92 
2017/01/23 09:42:27 INFO  - jmeter.threads.JMeterThread: Thread started:  1-93 
2017/01/23 09:42:27 INFO  - jmeter.threads.JMeterThread: Thread is done:  1-93 
2017/01/23 09:42:27 INFO  - jmeter.threads.JMeterThread: Thread finished:  1-93 
2017/01/23 09:42:27 INFO  - jmeter.threads.JMeterThread: Thread started:  1-94 
2017/01/23 09:42:27 INFO  - jmeter.threads.JMeterThread: Thread is done:  1-94 
2017/01/23 09:42:27 INFO  - jmeter.threads.JMeterThread: Thread finished:  1-94 
2017/01/23 09:42:27 INFO  - jmeter.threads.JMeterThread: Thread started:  1-95 
2017/01/23 09:42:27 INFO  - jmeter.threads.JMeterThread: Thread is done:  1-95 
2017/01/23 09:42:27 INFO  - jmeter.threads.JMeterThread: Thread finished:  1-95 
2017/01/23 09:42:28 INFO  - jmeter.threads.JMeterThread: Thread started:  1-96 
2017/01/23 09:42:28 INFO  - jmeter.threads.JMeterThread: Thread is done:  1-96 
2017/01/23 09:42:28 INFO  - jmeter.threads.JMeterThread: Thread finished:  1-96 
2017/01/23 09:42:28 INFO  - jmeter.threads.JMeterThread: Thread started:  1-97 
2017/01/23 09:42:28 INFO  - jmeter.threads.JMeterThread: Thread is done:  1-97 
2017/01/23 09:42:28 INFO  - jmeter.threads.JMeterThread: Thread finished:  1-97 
2017/01/23 09:42:28 INFO  - jmeter.threads.JMeterThread: Thread started:  1-98 
2017/01/23 09:42:28 INFO  - jmeter.threads.JMeterThread: Thread is done:  1-98 
2017/01/23 09:42:28 INFO  - jmeter.threads.JMeterThread: Thread finished:  1-98 
2017/01/23 09:42:29 INFO  - jmeter.threads.JMeterThread: Thread started:  1-99 
2017/01/23 09:42:29 INFO  - jmeter.threads.JMeterThread: Thread is done:  1-99 
2017/01/23 09:42:29 INFO  - jmeter.threads.JMeterThread: Thread finished:  1-99 
2017/01/23 09:42:29 INFO  - jmeter.threads.JMeterThread: Thread started:  1-100 
2017/01/23 09:42:29 INFO  - jmeter.threads.JMeterThread: Thread is done:  1-100 
2017/01/23 09:42:29 INFO  - jmeter.threads.JMeterThread: Thread finished:  1-100 
2017/01/23 09:42:29 INFO  - jmeter.engine.StandardJMeterEngine: Notifying test listeners of end of test 
2017/01/23 09:42:29 INFO  - jmeter.services.FileServer: Default base='/Users/axelsirota/jmeter-demo' 
